<?xml version="1.0" encoding="UTF-8"?>
<!-- Generated by org.testng.reporters.JUnitXMLReporter -->
<testsuite hostname="MEHAVARNAN" ignored="0" name="Default test" tests="10" failures="0" timestamp="25 Jul 2018 07:17:50 GMT" time="0.735" errors="0">
  <testcase name="test123" time="0.009" classname="com.orangehrm.tests.Temp"/>
  <testcase name="test123" time="0.002" classname="com.orangehrm.tests.Temp"/>
  <testcase name="test123" time="0.003" classname="com.orangehrm.tests.Temp"/>
  <testcase name="test123" time="0.005" classname="com.orangehrm.tests.Temp"/>
  <testcase name="test123" time="0.001" classname="com.orangehrm.tests.Temp"/>
  <testcase name="test123" time="0.003" classname="com.orangehrm.tests.Temp"/>
  <testcase name="test123" time="0.001" classname="com.orangehrm.tests.Temp"/>
  <testcase name="test123" time="0.008" classname="com.orangehrm.tests.Temp"/>
  <testcase name="test123" time="0.002" classname="com.orangehrm.tests.Temp"/>
  <testcase name="test123" time="0.001" classname="com.orangehrm.tests.Temp"/>
</testsuite> <!-- Default test -->
