<?xml version="1.0" encoding="UTF-8"?>
<!-- Generated by org.testng.reporters.JUnitXMLReporter -->
<testsuite hostname="MEHAVARNAN" ignored="0" name="Default test" tests="3" failures="0" timestamp="24 Jul 2018 08:30:35 GMT" time="81.739" errors="0">
  <testcase name="addEmployeeWithoutPhotograph" time="3.778" classname="com.orangehrm.hrmdemo.tests.EmployeeTest"/>
  <testcase name="searchEmployeeWithName" time="1.319" classname="com.orangehrm.hrmdemo.tests.EmployeeTest"/>
  <testcase name="deleteEmployee" time="11.066" classname="com.orangehrm.hrmdemo.tests.EmployeeTest"/>
</testsuite> <!-- Default test -->
