<?xml version="1.0" encoding="UTF-8"?>
<!-- Generated by org.testng.reporters.JUnitXMLReporter -->
<testsuite hostname="MEHAVARNAN" ignored="0" name="Test" tests="4" failures="0" timestamp="23 Jul 2018 11:37:24 GMT" time="79.091" errors="0">
  <testcase name="verifyLogo" time="0.101" classname="com.orangehrm.hrmdemo.tests.LoginPageTest"/>
  <testcase name="verifyCurrentTab" time="0.055" classname="com.orangehrm.hrmdemo.tests.HomePageTest"/>
  <testcase name="logintest" time="5.551" classname="com.orangehrm.hrmdemo.tests.LoginPageTest"/>
  <testcase name="verifyNavigationToAllTabs" time="4.575" classname="com.orangehrm.hrmdemo.tests.HomePageTest"/>
</testsuite> <!-- Test -->
