<?xml version="1.0" encoding="UTF-8"?>
<testng-results skipped="0" failed="0" ignored="0" total="3" passed="3">
  <reporter-output>
  </reporter-output>
  <suite name="Default suite" duration-ms="81739" started-at="2018-07-24T08:29:13Z" finished-at="2018-07-24T08:30:35Z">
    <groups>
    </groups>
    <test name="Default test" duration-ms="81739" started-at="2018-07-24T08:29:13Z" finished-at="2018-07-24T08:30:35Z">
      <class name="com.orangehrm.hrmdemo.tests.EmployeeTest">
        <test-method status="PASS" signature="setUp()[pri:0, instance:com.orangehrm.hrmdemo.tests.EmployeeTest@724af044]" name="setUp" is-config="true" duration-ms="11616" started-at="2018-07-24T13:59:13Z" finished-at="2018-07-24T13:59:25Z">
          <reporter-output>
          </reporter-output>
        </test-method> <!-- setUp -->
        <test-method status="PASS" signature="BeforeMethod()[pri:0, instance:com.orangehrm.hrmdemo.tests.EmployeeTest@724af044]" name="BeforeMethod" is-config="true" duration-ms="11589" started-at="2018-07-24T13:59:25Z" finished-at="2018-07-24T13:59:37Z">
          <reporter-output>
          </reporter-output>
        </test-method> <!-- BeforeMethod -->
        <test-method status="PASS" signature="addEmployeeWithoutPhotograph()[pri:0, instance:com.orangehrm.hrmdemo.tests.EmployeeTest@724af044]" name="addEmployeeWithoutPhotograph" duration-ms="3778" started-at="2018-07-24T13:59:37Z" finished-at="2018-07-24T13:59:40Z">
          <reporter-output>
          </reporter-output>
        </test-method> <!-- addEmployeeWithoutPhotograph -->
        <test-method status="PASS" signature="tearDown()[pri:0, instance:com.orangehrm.hrmdemo.tests.EmployeeTest@724af044]" name="tearDown" is-config="true" duration-ms="708" started-at="2018-07-24T13:59:40Z" finished-at="2018-07-24T13:59:41Z">
          <reporter-output>
          </reporter-output>
        </test-method> <!-- tearDown -->
        <test-method status="PASS" signature="setUp()[pri:0, instance:com.orangehrm.hrmdemo.tests.EmployeeTest@724af044]" name="setUp" is-config="true" duration-ms="7931" started-at="2018-07-24T13:59:41Z" finished-at="2018-07-24T13:59:49Z">
          <reporter-output>
          </reporter-output>
        </test-method> <!-- setUp -->
        <test-method status="PASS" signature="BeforeMethod()[pri:0, instance:com.orangehrm.hrmdemo.tests.EmployeeTest@724af044]" name="BeforeMethod" is-config="true" duration-ms="6937" started-at="2018-07-24T13:59:49Z" finished-at="2018-07-24T13:59:56Z">
          <reporter-output>
          </reporter-output>
        </test-method> <!-- BeforeMethod -->
        <test-method status="PASS" signature="searchEmployeeWithName()[pri:0, instance:com.orangehrm.hrmdemo.tests.EmployeeTest@724af044]" name="searchEmployeeWithName" duration-ms="1319" started-at="2018-07-24T13:59:56Z" depends-on-methods="com.orangehrm.hrmdemo.tests.EmployeeTest.addEmployeeWithoutPhotograph" finished-at="2018-07-24T13:59:57Z">
          <reporter-output>
          </reporter-output>
        </test-method> <!-- searchEmployeeWithName -->
        <test-method status="PASS" signature="tearDown()[pri:0, instance:com.orangehrm.hrmdemo.tests.EmployeeTest@724af044]" name="tearDown" is-config="true" duration-ms="700" started-at="2018-07-24T13:59:57Z" finished-at="2018-07-24T13:59:58Z">
          <reporter-output>
          </reporter-output>
        </test-method> <!-- tearDown -->
        <test-method status="PASS" signature="setUp()[pri:0, instance:com.orangehrm.hrmdemo.tests.EmployeeTest@724af044]" name="setUp" is-config="true" duration-ms="7935" started-at="2018-07-24T13:59:58Z" finished-at="2018-07-24T14:00:06Z">
          <reporter-output>
          </reporter-output>
        </test-method> <!-- setUp -->
        <test-method status="PASS" signature="BeforeMethod()[pri:0, instance:com.orangehrm.hrmdemo.tests.EmployeeTest@724af044]" name="BeforeMethod" is-config="true" duration-ms="17405" started-at="2018-07-24T14:00:06Z" finished-at="2018-07-24T14:00:23Z">
          <reporter-output>
          </reporter-output>
        </test-method> <!-- BeforeMethod -->
        <test-method status="PASS" signature="deleteEmployee()[pri:0, instance:com.orangehrm.hrmdemo.tests.EmployeeTest@724af044]" name="deleteEmployee" duration-ms="11066" started-at="2018-07-24T14:00:23Z" depends-on-methods="com.orangehrm.hrmdemo.tests.EmployeeTest.searchEmployeeWithName" finished-at="2018-07-24T14:00:34Z">
          <reporter-output>
          </reporter-output>
        </test-method> <!-- deleteEmployee -->
        <test-method status="PASS" signature="tearDown()[pri:0, instance:com.orangehrm.hrmdemo.tests.EmployeeTest@724af044]" name="tearDown" is-config="true" duration-ms="721" started-at="2018-07-24T14:00:34Z" finished-at="2018-07-24T14:00:35Z">
          <reporter-output>
          </reporter-output>
        </test-method> <!-- tearDown -->
      </class> <!-- com.orangehrm.hrmdemo.tests.EmployeeTest -->
    </test> <!-- Default test -->
  </suite> <!-- Default suite -->
</testng-results>
